<?xml version="1.0" encoding="UTF-8"?>
<testsuites name="TSInoutEmail" time="76" tests="2" failures="0" errors="0">
   <testsuite name="TSInoutEmail" tests="2" failures="0" errors="0" time="76" timestamp="2019-03-03 10:53:07" hostname="Siipur - DESKTOP-6V6DF2T" id="Test Suites/TSInoutEmail">
      <properties>
         <property name="deviceName" value=""/>
         <property name="devicePlatform" value=""/>
         <property name="logFolder" value="C:\\Users\\Siipur\\Katalon Studio\\AutoEmailSiipur\\Reports\\TSInoutEmail\\20190303_105251"/>
         <property name="logFiles" value="C:\\Users\\Siipur\\Katalon Studio\\AutoEmailSiipur\\Reports\\TSInoutEmail\\20190303_105251\\execution0.log"/>
         <property name="attachments" value=""/>
         <property name="hostName" value="Siipur - DESKTOP-6V6DF2T"/>
         <property name="os" value="Windows 10 32bit"/>
         <property name="katalonVersion" value="5.10.1.1"/>
         <property name="browser" value="Chrome 72.0.3626.119"/>
         <property name="hostAddress" value="192.168.1.94"/>
         <property name="sessionId" value="f91a6411b74d13276be8adf5b199574a"/>
         <property name="seleniumVersion" value="3.7.1"/>
         <property name="proxyInformation" value="ProxyInformation{proxyOption=NO_PROXY, proxyServerType=HTTP, password=, proxyServerAddress=, proxyServerPort=0}"/>
         <property name="platform" value="Windows 10"/>
      </properties>
      <testcase name="Test Cases/Auth/LoginEmail" classname="Test Cases/Auth/LoginEmail" status="PASSED">
         <system-out><![CDATA[2019-03-03 10:53:08 - [TEST_CASE][PASSED] - Test Cases/Auth/LoginEmail: Test Cases/Auth/LoginEmail

2019-03-03 10:53:08 - [TEST_STEP][PASSED] - openBrowser(""): Browser is opened with url: ''

2019-03-03 10:53:09 - [MESSAGE][INFO] - Starting 'Chrome' driver

2019-03-03 10:53:09 - [MESSAGE][INFO] - Action delay is set to 1 seconds

2019-03-03 10:53:35 - [MESSAGE][PASSED] - Browser is opened with url: ''

2019-03-03 10:53:35 - [TEST_STEP][PASSED] - navigateToUrl("https://accounts.google.com/signin/v2/identifier?service=mail&passive=true&rm=false&continue=https%3A%2F%2Fmail.google.com%2Fmail%2F&ss=1&scc=1&ltmpl=default&ltmplcache=2&emr=1&osid=1&flowName=GlifWebSignIn&flowEntry=ServiceLogin"): Navigate to 'https://accounts.google.com/signin/v2/identifier?service=mail&passive=true&rm=false&continue=https%3A%2F%2Fmail.google.com%2Fmail%2F&ss=1&scc=1&ltmpl=default&ltmplcache=2&emr=1&osid=1&flowName=GlifWebSignIn&flowEntry=ServiceLogin' successfully

2019-03-03 10:53:42 - [MESSAGE][PASSED] - Navigate to 'https://accounts.google.com/signin/v2/identifier?service=mail&passive=true&rm=false&continue=https%3A%2F%2Fmail.google.com%2Fmail%2F&ss=1&scc=1&ltmpl=default&ltmplcache=2&emr=1&osid=1&flowName=GlifWebSignIn&flowEntry=ServiceLogin' successfully

2019-03-03 10:53:42 - [TEST_STEP][PASSED] - setText(findTestObject("Authentication/Login/input_Lanjutkan ke Gmail_ident"), "ghopurnomo@gmail.com"): Text 'ghopurnomo@gmail.com' is set on object 'Object Repository/Authentication/Login/input_Lanjutkan ke Gmail_ident'

2019-03-03 10:53:47 - [MESSAGE][PASSED] - Text 'ghopurnomo@gmail.com' is set on object 'Object Repository/Authentication/Login/input_Lanjutkan ke Gmail_ident'

2019-03-03 10:53:47 - [TEST_STEP][PASSED] - click(findTestObject("Authentication/Login/span_Berikutnya_pwd")): Object: 'Object Repository/Authentication/Login/span_Berikutnya_pwd' is clicked on

2019-03-03 10:53:50 - [MESSAGE][PASSED] - Object: 'Object Repository/Authentication/Login/span_Berikutnya_pwd' is clicked on

2019-03-03 10:53:50 - [TEST_STEP][PASSED] - setEncryptedText(findTestObject("Authentication/Login/input_Terlalu sering gagal_pas"), "nxeatHjmEp6pVQudVrsLeYFW/dX8KwtzYPGljfh6jis="): Text ****** has been set on object 'Object Repository/Authentication/Login/input_Terlalu sering gagal_pas'

2019-03-03 10:53:54 - [MESSAGE][PASSED] - Text ****** has been set on object 'Object Repository/Authentication/Login/input_Terlalu sering gagal_pas'

2019-03-03 10:53:54 - [TEST_STEP][PASSED] - click(findTestObject("Authentication/Login/span_Berikutnya")): Object: 'Object Repository/Authentication/Login/span_Berikutnya' is clicked on

2019-03-03 10:53:56 - [MESSAGE][PASSED] - Object: 'Object Repository/Authentication/Login/span_Berikutnya' is clicked on]]></system-out>
         <system-err><![CDATA[]]></system-err>
      </testcase>
      <testcase name="Test Cases/Auth/LogoutEmail" classname="Test Cases/Auth/LogoutEmail" status="PASSED">
         <system-out><![CDATA[2019-03-03 10:53:56 - [TEST_CASE][PASSED] - Test Cases/Auth/LogoutEmail: Test Cases/Auth/LogoutEmail

2019-03-03 10:53:56 - [TEST_STEP][PASSED] - click(findTestObject("Authentication/Logout/span_Penelusuran_gb_ya gbii")): Object: 'Object Repository/Authentication/Logout/span_Penelusuran_gb_ya gbii' is clicked on

2019-03-03 10:54:09 - [MESSAGE][PASSED] - Object: 'Object Repository/Authentication/Logout/span_Penelusuran_gb_ya gbii' is clicked on

2019-03-03 10:54:09 - [TEST_STEP][PASSED] - click(findTestObject("Authentication/Logout/a_Keluar")): Object: 'Object Repository/Authentication/Logout/a_Keluar' is clicked on

2019-03-03 10:54:21 - [MESSAGE][PASSED] - Object: 'Object Repository/Authentication/Logout/a_Keluar' is clicked on]]></system-out>
         <system-err><![CDATA[]]></system-err>
      </testcase>
      <system-out><![CDATA[2019-03-03 10:53:07 - [TEST_SUITE][PASSED] - TSInoutEmail: Test Cases/Auth/LogoutEmail]]></system-out>
      <system-err><![CDATA[]]></system-err>
   </testsuite>
</testsuites>
